**********************
Windows PowerShell transcript start
Start time: 20190803235039
Username: DESKTOP-*****\****
RunAs User: DESKTOP-*****\*****
Configuration Name: 
Machine: DESKTOP-***** (Microsoft Windows NT 10.0.17763.0)
Host Application: C:\******
Process ID: 19264
PSVersion: 5.1.17763.592
PSEdition: Desktop
PSCompatibleVersions: 1.0, 2.0, 3.0, 4.0, 5.0, 5.1.17763.592
BuildVersion: 10.0.17763.592
CLRVersion: 4.0.30319.42000
WSManStackVersion: 3.0
PSRemotingProtocolVersion: 2.3
SerializationVersion: 1.1.0.1
**********************
Transcript started, output file is C:\******.log
66687AADF862BD776C8FC18B8E9F8E20089714856EE233B3902A591D0D5F2925
01D0FABD251FCBBE2B93B4B927B26AD2A1A99077152E45DED1E678AFA45DBEC5
5778F985DB754C6628691F56FADAE50C65FDDBE8EB2E93039633FEFA05D45E31
91D3827F052F5A4B44D5FE2BED657C752247365D94F80A33CB09C1436A16B125
4B78063B9C224DA311BD1D3FB969BBA19E7E91EE07B506F9C4C438828915563F
AAE761377F3B4F1F07D982783B902314B61A9CBE6CCFDFA96559039F07E332ED
938834D6C6369917101C182C58E7834AA8763FEE2D35F7E06559075288C62310
F5411EC7E51E46159C654BDBDF3CC20785A217B87384810ED2E541DC0016943A
067DC6A810183E9069F63C2020B692C122C8D58263ED7F5C0E531504DC3B6E06
34EC81DBDAF9148567DC4254F93852D34F96E78DDD4BD04C1C8A1641A0883B2B
177149DF55F3A2824842E5DF7CEE51BE33D65D79926A233B7C12E37FEADB622E
Files With Content: C:\*****\GenerateHash.dat
Found Hash: 1
Exiting now
Total Time to find one numbers in hash 00:00:00 seconds
====================
66687AADF862BD776C8FC18B8E9F8E20089714856EE233B3902A591D0D5F2925
01D0FABD251FCBBE2B93B4B927B26AD2A1A99077152E45DED1E678AFA45DBEC5
5778F985DB754C6628691F56FADAE50C65FDDBE8EB2E93039633FEFA05D45E31
91D3827F052F5A4B44D5FE2BED657C752247365D94F80A33CB09C1436A16B125
4B78063B9C224DA311BD1D3FB969BBA19E7E91EE07B506F9C4C438828915563F
AAE761377F3B4F1F07D982783B902314B61A9CBE6CCFDFA96559039F07E332ED
938834D6C6369917101C182C58E7834AA8763FEE2D35F7E06559075288C62310
F5411EC7E51E46159C654BDBDF3CC20785A217B87384810ED2E541DC0016943A
067DC6A810183E9069F63C2020B692C122C8D58263ED7F5C0E531504DC3B6E06
34EC81DBDAF9148567DC4254F93852D34F96E78DDD4BD04C1C8A1641A0883B2B
177149DF55F3A2824842E5DF7CEE51BE33D65D79926A233B7C12E37FEADB622E
1A85C133F8DBC2A3C7EF3526F2A8FA6A0DEC2FBEB09C6C90910E139C80DC4220
2C50785A40875293A2BBACE907621C10BBC81775E43E53C485CD4100543C2815
9B992384F7194CB721E3DEB70813CA531757C558377AA83502B31B8E535EC803
DDF85BB1C4EEC161ADE630B1299F79F05596E0001538FFCFC51AB3CAD577A545
7C61ACDFF3E9379CAF53EAA919FE6D7FE55AD3A907EEEA85E5A7BA1CFAFACF03
56FD25956F759E64E853071FF01587C364EAF6286C97DA600E0BE78C701637DB
3439BA20E7335D9D829F183FEE6DF2F0A5E06DB74140D52C03A553D18023891E
0C7A1DDD61D6E6F377BF9139653EC6001F26DBDC418426C8A4264D599EA96C5A
264D792C15446E4414F5FB25E46C78B903556CC5F039712336173D311BD1B531
08D76B39ABEEDBF186395377DE3AC3E74AA248BA7CE513E4A58A09A11595E9BA
C2FDE65A09F667CEC0CE770C5189C61756E62A328AC1CC61056F4C58E7F2AC9E
EA5E7426891D0045C313252ED1C2075725044263B9C8C3D70DD6418CE5B12763
F512DF6D47DDCCEA0AD4A95F19BC8BED28C22F14EF46A276F98D2F4F75268E76
47B9075B9657E3AEB769B021EC7DD2802E18D1075ACAFE43AD7F9C2525331145
9FD84B26C4D559FB34D347A1B6FD1A7DEC6F091D60A5743F6936C3E0706D82BC
5B3033B395769CCD7D65BB54254DB6A0EBC69C44AE9C4CE278F912CA4FBC11AD
23969A85BCEF32C600EF09D09A6E799CD822A5982C5A7A75AD8153A2B14F1C3E
D8AE1E4606571651605BF58C5F77903AC53B459D3919D59A7E9B4CE71F76879B
05F02CBE96DBF61D219A63A246DB81919E8A0079C31BFDBE23FF21A77435BD9B
C2643F18FD57B6AA9BB7CB286F32B9EE7C655C83B95E78CA11591A166BD6658A
9F448F59D867B2D529109D798EEB7C7C3522B0E896D226B575A1F72B3CCE5A57
6D0855A335802F0BC20946F3C48C05B6B98C14B578020D5F42A166B97FE6F59F
2A3310C3B8CCCE8B0FD345F873DA17C9227D5920568120B67144B51E50C561FF
661D6BA8C178699AB880A239C2E6D5E5DC99D5598DC2172119712DC7FECC039B
CB1B385900E78EF9265EC5C6E44E97EB1D5C3411D2B4667B606876A9C89E5403
16B0E2B324C1FF8E3DC91395162D67DA1E2D71CF42E022A0AD9882E35C3F3AC3
82E85D9073D8DD787B9EEF9BF6732E864968D6C40543818FF4C9526EF37D0A6B
0CEAB8BAA150FDB8044ED74752951DB23382836A7CD110B257FC7C379612B1D0
D6ABE915C65969CE1D2C5221E83C77D724867542E113DC0AF602FBEB298837F2
A3D27586E76D71B6187BB859995AEE052C17A2F2F74C0778ED0893DC4432E637
B74D81A9A113CAFBB4EBD9185DD54002F89CEEFF80CB5154AB0C299BD5C9A427
12F3BB4C5076ADA91FAB3A59F9E379EA300FBDF187EE4049227078006C395741
6CFA248A413295B0FE2F0A5B874F627DF9BA30F0B42D6DB4C9EF37ADF30DC2CE
6669513CF9222006902E5A6BD4CE90CB07B1F976276076F3C743B1C10058D782
6052D9C0D6B499FE0D1ADA3B9F1650E6A1FD09117B5EC60D8F13FBB95E5F4252
8C15ED5E9FA62B1DB7F488481636F24E088BD7570F246985332C97F9CE3D1646
BF211B61A8FC3569CD262CF7B24197385CA0B0B09C5382E0869D9E09D99A4B75
3280D667F2B326AE2EA56DF1DBAB0BA24A897EAC8008E840BA051C8D582DD16D
255CBE0AE3EC01B56845B0D03A121E2F2EEF1815B019731507A6F19FA140F148
BAB5EE4DF3E95905A9287DE62ED921465A107F2571992A977AFC70ECD135AC39
449C9D6620E597577FD95AEC779AA45739148FA2AE055711FEC50827DCFE8CED
8D17B2536D3905E4B709F53152AAA15327030C1CC96E6828C41C63F558ABA405
D8C2339DE6D40B6886D43B393DD657BA124B9354423C5FF9E6CF0FF163E481C1
A411925F51BCBCDAF498FB94115B6A7DFF05DA5EE173A039EF97B8090790A912
0CB71061918D98AF8D44F7BF7C9ADBD50519EBBA01153383158D0AFC6DF5B420
B7EECB2394B8FD348ADECB8BFFD0F75E45E5054A3386F36B2DA11CA733BFE517
C00B977D3B5133AC5D7DC017CD3177A4C11B3D21333FFA9BD1B1FCCA9F1E0CA2
74A84A25C1A586AD3D704EBE102051F21541569E2B32B76AD577630CC44A359C
C23EE0050D3CA9B45F98BA8EEE5F5B9DB0E8E6CDA331A9AB997820CA782B6645
1AEE11EBAA71F4483E3129068F72CAF28D4C1B4FAA01F6B925E7FE97C2493636
6A8EDE8406765D1C35EB619CAA6DFF667C1A9B40EFE325180510E00FDD32EB6E
73F130A1CFD6C75F6388BF6B1A5587DF871E101BC9110A628E70C179D4F36026
BDD4DAA5482AF796206DC02A6780CFB51EFE5E16C491C61BD9BF64CFC0DA6E00
94CE3F7973AAED52C6C446BCC59BD8D43B6695FA3FDB9E3D1CC47503A432D3D8
037371BF62C8A2C23F8134FC2C7049FBE698860B888C98B955644C4B8F8F3155
6540740854333CE995A2962DA02ABF94FD81542CBBAD03FF7B7B8E2A687E42CB
F7EF02626DB634ADB0402F517C65EBF87F9F5B13112C40CF7854F558CE90C9A5
093010CA7CC456DBF1A3E30215826A193C8AB2C6EB8C83493CD7002EDA2CB6A0
F6947CF8A5CA5C47E3BE7EC80F96B14D95F853AA302D24A2D959393706160102
39D162653BF48E140DD677EA2ACB56B9A90E7FC055BDC61CF0A6E2DEB9A6A07D
FD6A4F8FB8380FDD7C5581E3A0DCDB22D23C2373DD9318DDB51B7C4D3F4D8717
9EF63FD39BC6EE24BD75036C482257C4F5ACE997BC9E98297BE67BE34A50CD87
A2CD6798EA0C9F8E08D6D52536444131CFD3238809F963B0DCBE2A07EA961C01
B2F81432E97489658C957684B85E2A67319B966F01A656E5E0C1DBF26AB5AEA7
63812DA4ED3F6A7C860534E336B55B27BF8B4B1E04EECD7981EF67B7F6663C6F
795EC982E1A775524EF10C9EE1B1EC30ABA5DB7DA277E263F1EBD75B71CB5289
FACF209F44C57DEE63FBE1549D54891449A2954121A0D9FF17DC722CF63FE7ED
0850271C88A6C1D4D1A85664AA6FDB9BAEC4D1F63BCEDDE1EC58B82CE67DABBB
D1F56CBF0442E2B8098B6C3C8CD0BF70BF7B3D85DF327B0013F013DCBCFE68DA
C310A93EF84B9D7497F8F74C3F3BE0CCBFAC921C655BC4014938416FE3236646
354B38FC28B94AD252CA5E72C8C4EFDCDC1BE8FE051B4C849C19A380DC2C32AF
EF02FCC929454669D78A000556449FBF3C96D17160FD7BE90F3EFE9A3E88C31D
5DAB1F6F6C7CAA68C519137D5CFE9FAF9B524E68E343AF5E4D5A81BA6A94F37B
AF7A2566AECB170558716C3CAFFA6BE3E06C713EEACFEA2F2C543C829875DD4D
BC206E09FD7790CD4998E880F636D57669E389CA881153DC38F6EE7D3F817054
849F5A4F195E394DCA014D6F1B87B503768916E06A58D40DF43281544ECA7B4F
6000D653272DFEA3C16EB3C35C76A4A98F2FB6A7A3B59B4A308BAAF5E5F04AC7
3BC61F8191454ECEE992041240AF6C4B637206BCBDC6FFAF7AF801D5BAF289FD
9DEAB0703EAD3C034AF1D62CF04DF7A51DD0DE3DADEA8FDC6DE8E32D0CEDDDBA
AD04D4B01FD8E09DA6582BD20E23F9277ADFC0A42BBAA0C61B2325C619831573
04F3079230032F555957AF2BA88D6CF084BAE570D073E993B93CC0FA685F8A90
752D295E86AB85A2178F9A19021D5A230DA326E57C5686EEB3A23D4DEF13265F
424F8FF8C891C6CA1697289CEEEE1E367BE21E25BD0A0687BBF625AF46F73DFD
0BA71C4ECB5CC2FB5EC18DCBA753037F4E0B8BDF13EDD1BA85B47C8B1E8054D0
CC2DC7E8C2D9FF3A7DD25841EBC844029DA2CA34861BEB8E5AAB06F2B751F8C0
C8CE86368FD92B222BB6608607BD129B97EF83B7CD1DF9969A5AC219617EF6BA
CA0CFE586C9629C859A9C7B24A94B86667F9C3069137223A1B5C75104B7F8D9C
8E1EC9FDF97DBD9C810A2E4DDB71D725BFB17D25173A42706373779CC03E43B1
B30ED6AA0F8462973ACB77107C5F0E937D49C76CA8B0C3D0B139E94B07BC0424
3E2C258141A674D93325550B9AA934EA53022310EF18CF77DABB7708B0BF4A94
5E110F04DA38204BD57AE5E5BCDEDA091A3558F677DFE6987D864CD1E237F1C2
B866982AB4C56B72A9A6C2E4A7E463C3AE0155DE55DD6E1601DCFE67CABA1B8B
F9FEC35E24CABB55500B5E7BE928A5CD2DB513DD9533B42276247851F5A6D582
BFFEFB0CDC50D00DE9F606D0FF14ED11EC867977B801AFF2B507F3A26892B54E
7E7A28E057B3A3AE1DB785142B5CEB0340DBEEFC8A83B4675B8F30F7316A3DA8
CB7B782930A08BB885F50B0E55212EBE2277E9BE5ECFB4FEB25670BDF8F2AD4D
051A5DDCDF0F8C713AC62CD5F0E1E16E90C21C3FA2E52600B7B4DD2476FD7200
5B90AAD272ABA0A6517C12FE319D56DDC436F9618DB5F10489E266A4E304C03A
17B3D5044ED503D81DB27BE6C3C93B236CCDC4EE099BE491C7B9F30E6274B04B
AA2CF27C31ABF64FEEC6240E98CC23EDA2BA5558C07F671633AFAF073DCEDFFF
009FE76D9F670075C28A18A3062BD2088E53CCE049A7C4CB020804CF9E720511
85AF2D6DEB76C85208639C6867BB12A18502F360BB5C98E14EE03E767AB75215
3F2C0339F6F1C8D27D759A173C8B3BA3F91635525C85257D6009AFC524FCFA24
19FA835AA53F090469BB5DFA24D0A28B4715A01FFCC0728F9D6BCDFF8A98A134
4746E4266C95F0F07E35B76C37BD79F1B29AD16C7F6CDCA5DCE2AC1E9BEECEA2
D173D626F0EA64F61108FC16573012EE540C1DEA4747FF72BF8C20F198A9A6D2
B9EFDDC72C9DC7691C22AA83D4A63973A66C1B343C93E0092169E11DAA2EA041
BCF49162F3FD3F34666E4CA4104DF6A90C7E5882E5E8AEEAA93917396D984E8F
81B2340C218A7066E46EB0D84146E1F8D1D035C31112402BE99926A045A7812C
E5B4E7D5C07D33C43FE15ED1A0863E9B9A0CCB4C315B593386982A67F366D413
AB860844D75705B2284F4197832DE1517D66FF80EC0D342F9B4DFA7DE3CFFDDC
6BA4D54C2E29F23CF7FD5FBAF81F739E2837DA5BD9865E49BD02B73A317F40CC
C2241F26DE2D297C1ED503BD6E164A93F8EE5FA1141CDC16D2DBE6AE561C6581
D5180A544B15E0D379C434C40E815B0BCE8BBC979E36A5003C8E68C017D58B56
EE1403BD3F0ED35C8048E7602377C3B01D6FD6AB17A9C11D8F6877D81198630A
E42127DD245C0A27E85E8FE3860171690E79C950C2D515C0B284DCC00DC6DB87
EFF38830C8443616F4590DD7832725092D62659FB07864151FA499F047064E50
84B3F13B0A4FBCCE4C3F811E0313E00DCBD27431C229EFF576598BE8D1AFB848
7C49BA06C9999DE7A3AB5EF5707A9A29DC0F04A9992B01D299FE8728EB42C260
18A08E755C6534C4C10A6ED266F403F9EBB2993A1947E3A2E5831A67D97CFE1B
AA53AA4A220DF1F1FD038BD699E08EC12BB7D688DA05BB5274E6F5A70924596B
EF72EF70AD5AD4DA31712FED5C6106D8D410BF45EC9EE998C20E79F9B6A38749
DB10407E11B59EC32DF64CEC11D6174D8AB90BDDDE3781244F12264E66BFA681
9EA9CD4F8966D44007FDE733795CA8D423A61CA7F762A84B505A4659B99D77A9
3E64E32C55DB9A96D6A9CABA61ED47317C19C05F4F00BEDBC8966F7D9C5698E1
5893CC1D755C027685EFED5843D53CE35ACD17C5EBCCA22218CE86E91C360A87
6229CD1EF73079C40FAD865B03521E15E0301A105602FEBE8B5E2CC91CBB296A
186E51C03ED467ADE6A8D502BA1435D0A3C1294F65D1827412D8BC3525A4FC12
E0AF98396CEA51038806E5951E8531D13136BD25D57078CD0C27F9EA9BAF973F
BFF9D9D9CD04BA3AFF7ED7CF3CE8298E668D308C8CCB488B38149981EEA14C51
0C14102115BB45971A3E07C7D33E8802AFC94DF61A2F6F071AAF6A63E2AB32B5
AB6135AAA3067EFB1302C43BA3DAB1AF5875AC64EC1C74B124201843779BC3E4
25865DAB7747E096C95D43EC7B7D128F2BB1FDD4242D92E4BBE83EAC4054446B
A3A2808C37DA4F9CAB6A51E07DDFC6C34F725988FE2486199D6A190C1BE473A4
ADD5E871E669CCA22392C5FAADE44EA3796C7D5EDBEF1601E2301FA827A14930
A08791E40D80BDBC91FBC3B8A098B0C19222B4C217F8BB7C2EF63773DABCBAD5
36AAC98C2CEB1887BB1FFC401F893D4BB22CFC320837132C12ECDF61D63B0FF0
5520235FC46A5AB5EA1CA7D3397D7C10AAB6B9753BCE3B5C13E9A9EA9ADB3D88
2F80947464487892302D5995B85EFD130861F5B3C5E0C41BFFC6D0FC0E31D019
B47E06A64904E362954B3B6547F8685E2C04BE3C6DECFE563F525CE2D5BA2348
48BAF1245B5EFEE850866AA1120E338705B8897FE62F2E9727D27A87903DC0FB
278FE60A326F78A704692C08526E027DC505AFB76ECD89553BC24B5487161D6A
C83C010F684A0BDD86CD844D45327ACD69DB1DDB794F26DFAB5B942E1A1688CB
B7A911D92DF4FDE7738ADD84E2679C3FC8BC84E8FB507A1C389BF9FBF97F4ED6
BDCF2F958447EAD857C2AE9F49D4DA597DB2221D665B537D6E999DAD61EDEF6E
3BEC82B783FE92772409F3536876A17CC8947D7983487EDDB1F6705FFACF624F
F8E17CC33E5E37CBBD37009C9AC7736C13302C363C930A1F7F761765654893EC
F584287D1337D321069E6B63229397BE906E00E28148086212CAF380B66F45B2
56F9A3D55D56AF0ABCC640A184FF7586ED424B0B0213EBDC6EB9BCDBAAA55305
9C4E764DCAC3BBF8ADBA10B6BB5318B5C799CD02A60587131CF7A11348FACD9D
E48A7F9CE56580C32AF76FC9D4C20F82D5609553AC395CB3BAC9FB53E112B435
87B093BE099663E6AD3A1E49B76343341ED760DE1E26579D469DE7B6D0AE7210
8B16527026501DA4725C2E2B60C24664231CD22188E1731F52CA8E9AC3094AE0
16B43CB885F2A720C718BFDC3E3CB7989A50585C2B04FF8284ED055442B6B631
D1395BA70225C2203C48F27C3D1563CA1973589607DB5D05031DFC7A61F28A39
6481E98CEBAE04E834E400BD1D2E261B6E05C763D6BFF85FD0F1938EE8A07811
3C8F682CA108D0FB0816CA28F2435FFC366A0DC1426460923D01401E40916794
9B6AB80A26EB55F37B4474F4610DB9E224ECF43EB68478D6EF0B8008D1A8BC78
905AA5180C2D11DE48E890C5A248A13D63EEC83461097C4EB6A5AD59BB2B7B4D
E7AC50AF91DE0ECA8D6805F0CF111AC4F0937E3136292CACE6A50392FE905615
F80AA616229DC60E2FE6A545B1738F111BB95003143355C3C9B209A53FCE168B
37E760E19C131383EDF0F3F8D7D215E5666AF353779998D317D2012BDBCCEB73
75FDB61C3F5A47766EACA906B81EBA3F9FA7989D912091959E99DA36D79A4224
95809CAB0104C03BE354ACB053D8812FB7EC982A6E501A80E1C0A200024A27AB
CBFE8772AB0C844701978D679DCDEC4F56425D15E72A5EFCC9FF47D8A560540C
74F1B37F40C418037E3E0CEBE3A4A8D4964573D0B384C20D10012E86947FAE38
E05DE047D2BBC1316A76551A54C68DC6B23A862D3FE544615B666A7FB1968772
10991212CBF9A8543BDBDC600F6A0D2B292E9F941D782C91AF0ED694BCB21D9C
1A19A570849DE7D94FFB7938C8BCA5D92DE15DCA3D6D13DDCC53CE88AB9816C5
FF0A776211871D366E81DDFD3CF3ECD5369DD6F2804520BD987ACC7D8A173784
E25B69C7EDA6DDE666AADD00C8A0C02682CF8FDEB38DE72FBCF3E017A5591B38
0C8A976F44D32E0B765642454D408872E822D723DB33C4D32A3AFB34B64A4A81
CAAD18F09AA877CF70E699B771186B9AA83137BD1E692BC31409E0F2B56D8E1F
D69C8F10E8CABC7035328A7D985E82A86AA29AB657A6592A1EAA39ED50E10BA6
CC6E51789B47BD16E8B8DCD713A30BDE39C1C9485019788EFF78CAE199FD66C1
E73638041C4DC1DCFD0C0789F0250F0F286147D6FD9DC3C520926B18455D614F
F51106ED77959130134753DA4829298B466EADB9537BCEB900A314B9AAAE702B
294751B5CCF510A62A2F489B07549CD835DC0A07F05C0DE20A1AA61ED5EF5584
C8443C60BD3C10B43FAFE88E830D8078676592EA7AC8B4C71C241AF994E75608
0878CB68459D13525E386E980B61375F34B201B9D97244EBC25EE3A2546C96E8
BA71DA7E019D45B77FB7BC0EA05678E90B94E35BBEB8E68A16615A86B3E58C04
456C8C836A8996837B10B2A3A7594B7959291F3A909D14132A7D8E6BA307126D
C1028877DF6C3C85EE74B5476E9440357F7E92D868E275278ED54DFEA3C52B04
2F07E8E1BE3CE2E78E390B5DEC9BD584619EFC8BABAEE6FB425901556AD7C447
9FC8650A12D92B1EB56F744890BBE11FC2E572E585BAF34CD925820327CF1DCD
FBCA273DA8FE5AA600329B431FC2369DA102CE2438DFD1506F0AEC34A35EB882
145DD1523A970DF8E7840DCE40D0DF914F300B0FE064265AAFF93BDE690A8E87
B7F34250FFDFB5C35BF89AC827E100F57739BE3936299633300E8ADEE3CA472C
C17A4AF95A2B2895DB095F055FA7561F5FE8A0DC0D45EF5851D84C54C0EEA4BF
B62F4EA258F560113BAE590C2CC7741747F636CA6CBF546CE221F7891B3633F8
A9EA91BFE006C99CC613B23AA4CCF9DA78B570DF89FD4F805E4273DA01CC527B
126AF59506F86B7CB0B9A5B9B2D168E1C9E7D4031105AEBB1313C9B4A1D079A5
357917330CEF0F8483FB22451E892DECFBB7F14BA09874B95C1E37F0280346EC
FF6873A0F565A921272758485D2FA5999E82BC5A2D11C17C633E886930669CA2
3CF93F64F94C77DEC4F3CCE518582AF781B1FF719D2869F5503A005A8A95DA37
2BC8CCC9759296173A8510453109773AFE50647F98BAA0765B0BB00FC4569E25
E4CC379B07611B91E3C3993264B504898024CF8F06C1E706729F9E7A27FE41AB
871CAD1A77D0741340EA3AF15CF2BAC2DD187693569CE4B386D78B258EAEC1A9
452AFB7A9BA7E511A0DF03DE8D49241652A6C3A488F3C663834C6A197D3A351B
42EC1451BC69BABEBBF7A39EF186D89167C035B5A73E18E765FEBA27F9BCCC18
97BE85B9CE762D624125E68A6348B5FF54B458447DFD5293090B267EBD152165
357A7829063BD797ADA1F137ED32570813CB9EC37F842CA8DFD2B758285952D2
9583C4209B484DF6B84799A071CA296CEE1C1D5238BAF3E1A20FB7809F9B345D
C37411FDE634847CED61D807E5CBE7E4977705DC921CD42EEE16688AA99B07F2
1B81550D7A473BFFAD0C62BD367D17DE05BC1F9DA21713E0ECCF20AD5AB3893F
19D3E73457BF55C2F78AF69A0A2182648F1B7467B8F966B12A53D2F874D6167C
1EE114FC1498E2AEB6CC4073EAF6289A96732313573606E1AD903F767BBC8642
D4A7A0916FEFF7A9B2463E784FFFBADF13F8F66F915CD192E20F5252BB4D89D6
C5912814B422E2529C7AB45D96E370087DC45AF0ACC1188BB2832DD7CB1A7B8E
02737792576CD185049FF696B835F0CB8BDE02554B1FAD6407654058065A3E5B
5364504627BAB2081FA57C2A523AA9AC8CF92C05522B904C4A85D523E1C04662
0B1D0A06317343C0855CEB032298C37CB210FB6C280223833541C6E3C8B699FC
C330E7D25F0ADA9592384198456740DCFA1213F59B3035C685B1FF265F7A3366
DFD990563B7C124EA48323E28A32A73A093761AE5E224A83F0D2227ECFA53760
78B605260E85343024015B855310F337528ADA09B65509AEF83AAA082D102954
7EE845E7126021BE5168C42C8C2404C31999FD3BC4CD885C30A082178ABE0635
A4C392B8A172A385E1D483BA92F72A78AD5B736AE3A44A33188DF66C3B41DDD3
07DC18BD0E1113A93AB34964B1812FC3B63206D0545129603759ADFAAF8743A5
FDCDEF2CEA7E10785B49F1DBCED04E8A77A3704A0C279B13DA7F91F2946BAA90
624ED407CA4D0EE84055B170231C703C723987808A274E385994F7FFD801802E
A5A104CF84687B9D6F48C0A756B6759A5A538A8A424DA3601E51DA7D25B002BC
C145DADFEC1CE190DDD29F84C1739543B608A87204ED3C761A75275E4452EF83
0250BB56E191F66DDEF15E2D7CB44823753652547FC3D9D583AACA2EECFE9900
8E3C59BF2F8102A5D99570CD5E147292869268F935F684066C17D21CE9DDA58B
0C81C475ED4C535D7C551D769975A406E2104AFF66DC5304A4DEA8CC4DE68A53
085FE242AC420E71520D0A1783A9DB45A1A8063FB7479055628AB7CD5AD09DE4
4C0037149E84144A4C26C35106A6A179387D3B76911DEF4769C4D37119B4A52C
1088EC4473487675EE4FC3C7343E1389F78BB3BB1953C9C30EF565CACFB4E791
A80AB57D04E0576463257156907EB2C8190A7FCF1B855F9AEF0B4FA6EA86E401
F4151EF65BF1224045FAAF71A151F990183560435D1CDFC5885F024364BD0E25
509EFEB40595FCCC42129806705A1AE19D43435B0245C24837073C67A8B90023
B4ED1467E94CC37CB97B450C4B245549ED5328217689FA99D803141F78B2806C
1D867D9334C53E6E0999832F4CCA99114D573DC1C7B57BBBA875583679474DA0
5B2EB116663595EF9ED8156BF97B430D1E2F753C00766517D659FDF90CC21624
99298EE4A5B299AE40C793161659176DA56162B831DAF781029188EFF70450CD
E17E587B112CCB3E1CDEE08B28C11DDE5BBE8300FC7DA58FAC0D9AAFA6904B7E
7900ACB1C0E681AF268A8CD4D4605AD294ECD3FCC42FB1856651866CE5478AFA
14686A071E0B975B4387F4B2A8D695898045E918A9545022B8258E3EDEAE2A93
F80B8865CF9D784EA5E4B50AAED2BE2572BEF702FC1015CB497427783BC1B719
1B49C62A6B99B1623342BF8B6EED4A1FA07BA730539AA0E84AA974B49CE1D709
2936131E2F0E95A06BD31BE237F7E605BB27BDAD8F452B2FC20BA4E2C7AD4B8A
395D18230F57973D5D2C1085A14AE6995FA9F524CA8F24C0BBD8589DEFF6306D
2EA5EEE469AA41A58F2C8531B65E56FB635AA68A6E6848479BC93E15FBE63FE1
8F5DD49474310ABDBF8B48411B2540C8518468EE2620D31941D6B4A2ABF1E57F
D22F8E3450655784853879C7ECFEE4FF36192352F6FFE0D40593DEE56F583350
D22F8E3450655784853879C7ECFEE4FF36192352F6FFE0D40593DEE56F583350
E95D43196E3873058CA086CB4209D4F08193CB0C550E2E3FDD0F6A5A11701B0D
2EEB6A88A58D5EB391B155B470A132AC9DA1A88A14A5E1F265A02587B4C88F1D
CBA55F161DFD1FB1F63562BE71AD4C86E3AACF5104F956C0932CFD4DB2C53023
122EFC8E776CCCE19D550DECC18372A67B4008A44986ABCE756E1344E06C1A8C
D474E3CA731EBE60F0ABB480704C3FB57A18436AD9E75CAD51B8EFDF5D15CFC5
51F13D09008931F46FD10B8DBB0FF3B1DFC180BC8B04BD1741778E20FC30FF9F
C214D3205AC47EFBA94DBE599CB2D415D234AD73A74140F0A8DAC5326F8D466D
5DCDCA57F26E68052127D672A6D0F7CF343186245C9931492C15055E0F11C950
B634F062F4C72104340B14C3F334368083AEC4CC8E4F2E78A4E09C493DA53750
452375F2DFE50DDA2D88CA3EB8A1A96329390557CD2C8ED17349945C880A6A22
173EF92B4D165E303131B86A6111FEC47FAF5208AB6451E99A893C953EAFB735
628A67F64EF855FE682F69731C939959F98FDBC02F3854403BBCA3C17FE6476D
D3DB6FAC2995FCE9E32114CC79F752FF50774115E51348E54FBBF33B44729838
207140C6BCC958B6C1863C87C49747CE6FEAA3B8F78128D7EA9FF91BD5F23ADB
A59A52B4162749F9CD054A877C5B5E5282BE75C02AD4DBE05994D676B94B2795
34D5E96B4149670F6FA5476A3F8361E3A78B76CC68C2F942741977D09A97AF5E
18BA14D31EC43C416BCFC17B4A737DF645E493DC61050B9609B5911D4E25F5C5
089E6A30B6E499E9BF871E3FF0DE615DC8668161B403A374C1AE788E55A0B8B6
CBC44ADB97F7F21BE9DA07542762EA2C3DEE0B63786BD34C94FC09C5A2AB3AC2
D41C674C89E57527650395D7D377CA959F6EED3393A3BF664015118460C7D18F
E02756047F6DCE1D3D4093A8796889324D521DE30590910B265B02EFE7B10D34
ACBB2CFEF0C090FCBE831549F208412CECEF58DA7C50E2E5DF4C6FF06E0C8E60
D57125069E5305B8758141E05F9AD4EAEAD56C9F6CB3D1BEC4A6B6EECB6B54AE
E08A13D8B58EE2AB9BF0C4B401E7B9DD4CC1036C5C9DF28EBB78D3DB2509375F
12C1380D70DB6BD533FA20927427D9CEC7991AEABC391FAB6264CB6AAA156CCB
6E43375C2A13235A7CBF3359C2F38D467B09D2B06F76B7D616A671623C66753A
0E3BC3546EF5B4E35A1E7DA85B59082DC896606F73D835BF1CF63244BF492D63
4AD718C10741C082FF505B5588D79FF55D25EAC123415A35361F49F58A5F3154
06C93DECEB5B972CF042BD3E7A6C9552246B1956756E469817150DD5E1B51584
93D2A798ECC33E87F857C7DDBA13D75AC02F34E5339C224FAEB729A9EE693B81
4B2CC4F85A2016ED88BEC63DF459A4357EDB402AB6771DD298D0A5ADCF5BDBA2
B1990DCAFBC4CEE00D17BB3A7FDC8DA584E98FD254503E2E671045A7DB3A8B15
4EF71A155E6AF75E89AF415EC3B8F42DF2C31C10756947323D8AC55DFCB7CADE
4467B021E99B2FE19F4B51F287A2EDF34C318357B9A3527D39AC27E5542E33D4
91D8B9C11850982D6A0BB80E54525359BBEE87C6C2DC669EE9113A4DF464161D
810F0E76D262E10D48A6F68F1FAA283876866CDD3F628EAFF41BB744AED12D16
3FF376950677CC978BC1048CD6B7759BCFB313B5C870CA2A99363A0175DE60CD
90A2121E8B13EB4DE224E8B49FB5A503B9157E050E15FB91483AFC04C82532E7
97DBF86B0606747A1065D8816919ABF7139BEB621D2E323E7EA8B3857DA7FB61
DF4FF4F0799DD5E131FE9502A37407804E463A62B1CB202109615D0C88D1401C
0B1DC821978AED5726AAD989809324E654B9FC022D798602DCC1670F59C8C8FC
78E8CDD15BF1BB385B35F181EB5A1259AD8F26B1861B2FD1B813D9E5974212D8
AC345EE914C6D021A8A684E1006C5D1F09EB0D492CF39F804EE512B59C5A7C7E
58A9EA764A0A3ED50686FB98105E0ABE5F857E17A052270FA3D260BF77038665
B865494B4B7512B1D90E133A8FB7490A89F85921B55EE1C75483E95F8FBE1031
3809FCA49EE4BFD3AFEF35C807321A019D35B9A8094D5A05569A7AC828EBD7CA
3AC4D688F9FD07CF6C93877C8CBE63F284F3842D831B635C9E051403530AB7FC
E4C8A8B7D6CE141701F46BB4EB3C4407380DE54C3EEB2695EBF7791D133A2FFA
7D0F6C4FF53906A385260D4362CA1BBBF14B6D41B572C7409A323701D9E674D6
10BE02B133F123F2C7E2790E44C94B490CA8A08DFC05241449B2C801BB718FB9
0D21E63B17F301B8BBF6EA7532A871B3AC569153E37C44E996B35FD9A8CC2809
98AD7C3D1199D6994687AB05CF2D47E0A47EF9A67790D4583AC6518ABBAC43FC
6C556173D86B3676D5826A87316E622D65CF4D45CF042B821988779C329DD033
7FC26427A98A2D13AE7A0F1951252738BD4C297DAE628033167B483E1FDFF4E9
863CB1C7C5A467A0526724A9C7524E6613D4649BB13FD0334EA7FA4CDACC7A25
861C7AA2506A6EA45D640B3BBA50D3941A2C8F5E8208112093E1D3DDBE982361
ABDEA4B770C284D4C8BCBF877047EBBB31E455913362B91AD07EE0D921EB886E
D41EC9024F7AF7295E5D744FEFC9D0CFD55BECB8867318085EF39DFAD130F7B8
ABA948146CD0E2199D8537284C651E20EB32DFD194018A6417A7C922ADD536AB
68DF0E901CA0D6318DCA127B31E35739D78EE5FC93D892989F3A4D6BAFC1E4AA
962A73904481D372B4927E297459A1320EC4503400E3E7B06B17E8C16BF12542
06A83916FED9912D54ABB7E8C736BE9E652526FBD00DBB7D999631E8047F88EE
76A558B4FA26E01AC50732D3D2E8F25870846D7CAE123A568FA6EC9F9ADD2B9D
CDE6D9360235F75CC4FE5BBD6A0F29E5795F3BF039D1171C88DCF69F897597E1
3AA441AD9260C6508A0EB0C415252158E101DB3725C539D8F989F5FF2C26E106
4956FAE43675301154C0A92E8E7CCDE147E91C407CB92A73B5D079359E669190
0FF5FE3915F3E5E332BF41D9D7AF91821F722DC8CD5145A3623F7D6D6C8D8113
72DA8DBD90C6F62A30330E9349DDE318ED6C208A6642B6C35BCED00B807756C0
6EB9574B14654E27BEACF127B6E1AC7E2E56925A850653D75A577F9B1F18CC0E
AF4B599295D2D5173330908CC6EDA167F933F80ABBA8BD03EEE8DE768E42DBC7
4359812BB4732E16EB36527920C7670A55542B5F63791B13F15C40E662F3B47C
5DDD84E7FCF4DCD19DCC5DF741C57516CB9B6B6CF2B480CEEA130BF46E74E833
837542D22012AADD8F8A97F0400B3E9E1B36765A27FA5F685B9B9513350A7F26
097C6E737E5D17E5CC7D7AB2F34EF6E2AEA8B0C23EF7CF2CFA058EA0F0DE5FD5
6A1F63F3B3757C9DB375BDBE1FB6809EED6D378FB1BDA897C034A6E5A160CA15
00CC580B4EDC47862940B20C4F5397A4F4DBC4D229758CAD2F02B59B694896DA
B9DAA693C5DC3732EB6E8591D5E6F5EE6484019B42584CE07365CDA9B3A8780A
1FBB93196E52E16FDC9681993FB08D1143DB97E48BD3F4847CDA5DD2B9CF9F63
10A957341971CE38D1F5AFF0E78AFC96AB4E89F74DE22999C428E51238EC3404
2161E35CE1FFC2FD5AC44385E3EDFD9B296E8026492E6B8688DD8B02A1F20C12
AFFFA46D78D2E86E3B8E7F6174668B281666B850215D469CA7B299B9AA6E3536
877FBD40FD71F1F4EF3EE90FE77396DAF85744CB7811A4A1D470FDC936083BB7
B1B59E2DCBF56982A362AD6A016A6C741AA089128238DA2BC663C98FEB27C150
D79A12237500A74A8F9B503405BA6067E11688D1D9A1902DBBC98EE697E7363C
8C86BE3AA2A20BECE3B14145176015FBE0D0BDBFE20C05FCAA91723C213FF38E
27F0D2DD940B535F93792FFB6FBE1F2264453170A92B15FEB94EBE124B95C116
02CD3400CC64B2C827DE367A8A6D00CC528AAAAFE3232FFEA2A9D8B6CD085AD2
B359F26BB3379A3F7B8EA09A3945C663E063C866F7E27B524853F16854AEDA93
17E60F6281C2943697DE86D8D5075CB707A409B5999FDC690922D25EF3C4AD4C
D3B2FDBBED9551061739D92A78DB7F8120ABAF4BCFDAA1C55FD0CBBAC847C8E3
83F6125D461C9992F14AE198B636B0752DBDC1351D56F017382E07222FE33175
E401E1352E9CC43AAFA0D6B3D5DC8BE44A04578B5403B50C4EEEB88A41D44410
5B7A315D24754857BD2489D15025DF8935AB42D6614FB08A491E9967625B1828
05D19ECBE580B74CAECCAABE088C0161BE3B2E256896FA6999428A693F90F87F
7994DF36F259FC956F3926E769F6DAED6332E0D657683FCE8AE9C3862A497A21
05F27B3C353BD8CAF329D483224C0DD4B69D85E996193F96053788B72037D2A2
A99526794B980741D3833406F205955645A65360DDA2BF3BF65CA5CFA96DC8F8
53A963367CB86BA30266643C88C074CA62A123EFD482F59E08711973A23CC1BC
5A879E994DFD94282002158C0B239B0D2E86ED041D5662A43AB9E32C4F175D1D
FBDE03A192DC15D365959CBB763AAAC72B6627BF78297840EDEC3D53AFBF8F50
B7CA9D2421C4F07F287AC9EA4ED38766CE5694CF72DFB11C92EB516FD09B65EF
2CAC12D12EB6C783FDF4AE8E44DC3186F470ABE96C7C6C8AA7DA782532FCBA18
14DAA816F935BE6ABEBA75405BDBA9C059AB31214FEFE057E8ADC5B7ECC60587
7B6352EF5780885039B509B90306EEC94D726847C18E6C0BCF8FB1BA0EA26FF6
0009E961A55102A41024881D3B4EF47B3116746CED6C04F8791A0A91DE1A72D7
A230D0416B197697FF3743235D92F8E8D68A3BC3DFFED37350C6420AB20E52BF
948CC45239519B00E00FF4E0BCE5947E4863D34E81D3C8DDEBBA96A277C5C7B6
A2A705CB69F3B07C5D609CBE6EF8E22FF971E159368160D375AE3609962FDC3F
8418539FAD826E601EBAE0FE647197B0EA598F7FD9B50578AE1741A949134DEF
0DD7B72B450FCCC98C53BF4A23DB7B46797C77ECEE75D3ABBA4DF90BA9223712
47CD648B9D66334BDC5E90A561A0D07AA9BBC1C965FAEA867668C606DE6B32A4
4D4F86E302FDCE46DC444C6E122D04E6B0A8B398E2BBB0B3627BA2B09D938F39
A9BDE5547A5111CB1535ED001AE18658E8E49B05CF7C4A51E886ED2D33539627
6D1D70E018E7BFFDD5DAC4D275CF75EB7325F6262251E54176A5FFE98EBBA4A9
F6200C2823348C721C5BC157CF91FEF945CC5A51F9062B42AE309F2DBF08256A
654554064423AC8C86F994B0DB95ECBE72DE1EEDA76689DA5876C5A9D8DE00A0
F6559FA5E9A6E0FBFD3FE8B770B96CB7AFC211E07318A4F0CA4EC224241796EC
CE63E09648B6F1FC09DF0B3DED6E71CFF00311AE5B16BC0467385454CC3C4EFA
D17EBB250F37CB12EC40E52F3E1CD08AD2B6E979846E165686D8B44015653A3C
4E7664F5B26C86C32415DD4E87E15DD086DA4AE38895F9EB3A90145B09BC862F
BC4333B5A1FCDAE245C0C0A66FF151EB0BCBF6B2A522A324F1D89A22D184A867
395E617C6ADFE3CB04FE4F7BAAB43AF652CB230EFFEB6EF7353E845915D7220A
4E1F08AE0171978E671B5AEC7B49CFD1BEA7EF9DEC7F2F1BAA58BF6BBD25F6F2
2D6EE01CB57B970A8BE784279309C47D1DC64C4CCE48BFB796C9F7A359A2B9C7
DF12C560D09EB8CA087EE7F49836EC04E8E9DA80AA2BADF160B30C044325A75A
DF5378AF3C3E73B216176D957861F3587D242996BD472EE9040D1385EDDDD564
A7AC58812A2000FC87709D5CA41AE26B8445C87E0BB5EF8F6718940C4305095E
7AB5DFD1F2AA2347037DA668C92B2E570493EA8921F412819CFFCEC112750902
CCD23C1046D75BC90D903F97492219E5AF026504C0D1583CB1B3DDB22CA73CC4
22A26FFDAF5FA4D0224B1A2BF7671A78D76A6A360DABDB6A7AC652FD3616884F
6D13C0CAB455B5892603DCF0AA76D996415952C3C46D25BC54144BDCC8BD6FD0
CB2D5FBDCC41C126A0BB4544E41CDA3E37E3B6D8CDFE8B31B87D885BF7B5B592
ECF7C57CB94241FF032F61EDD79D915443849D5930D19DB7E1A4F12A0E26FDCA
9E033094E715ADB5B2C99040CCA35ABC81EAD8011DEDEBD82CC8F3A3141179AD
CA3F88FE4698BF4DEC57F440445CEFC883F43C2A6581C5251E7655868638CC24
F41B736CA16F9C23C68B8E7A564EEB8D0FD227ED9BED39C2B10C3B129B4CD9CC
FEDC88F12A0349986B6127DCE1C12EF142AC5370A84D602D140FA7F3AB7FC10F
35B7A8B7894C575C2489B56CF012DE8CDC702894372DB38F85C5051758D36923
50BA1197BAE48EB891D8BDD605248775ACEEBD4A8137FBDB920F2AE677967F48
49759EF61DBF98C832FB6545FC27D7B6C09CD8B8376580DF99745B1398CFBDA6
298C3CC81BAFC94CDEB17CC857569FEB77A3B2CE0A8871A95DAB0AE0419035DF
B27183AAC7F40881F815D640EBC57C1DAD79C92C5102BAB928ACA1C46A1F22A0
6A8D639A1399C375D3DE136345B4EA47E5C54068CB8A0B21FBB5B4D974BC1CFC
CC9F2E67D7AE99D1CAF5AE2AA7C9930A57B0A276AD6EA675FE4A63B33A8C50B6
7718CBAB0C2A47096C7E50B5E06E141603EC1D119CEA9C7791F15DD4DEBE4BDC
3D6E42CCB7A3BDB7E43235F54EEE24CFF6D2A546CB50D020F25F0000985BA325
28694B4F412F55FDC3119FB54960906F045F4E273FC406F8A63E240B04CC842C
7B84FAB023F5989D3A5141088BD8D70FE2D91E668ED6ABABE37C0CD22BA8C10E
973A441C52749A12DB78F65FD23492E7CA7A57DEA8C758C9406D726C79B9AC22
783049CB418B3A691034AA903BA68C7FC5EA5A064C8C0DCE0AB8E8B92B115B8E
DBD2E8CAC4B167E4D8724D27F76AC77D996B9A78BFACC7E22CE04D1847039213
BA0C9C9005092DE71A3B42DD6BADA68FA9EAB42B8D9D9785C76343C961F49F44
B65B59DB8A32E0B271DAC0C739BC2245694FCB5F896A30C95E26A5822746D376
60BC16386E39E5B23F0BF66FC188CD2C2DB5B6D6CE5853A6C29FC0F68E00F9B1
A2122061C9878902F24A62BE60B94CF3405C3DE5AB065170BF418638C6F7B5F5
7B134BB526FB80162CF3BEEDD1BC3EC23ECA4706E2C7A6901352C8F97708EC64
C99B662EEAE27E561A5B6018BA4A6FA4039088783D047844C70BA96E67AC9D35
B8314771B455E545811E838F6F6A6ACB0DCD88D69CC7297055544F68EBB04A0B
9D4A88F2E0376ADD5D114F5DC911CA07B1DF0BC8ECE955FDA7FB241AA8B5031B
A66564D84A72A500E4FF3C98AD089F9605C85FCD8FAC3D62EC3442CCE4286EBA
2C057762A41AEE2ABD58D0C28035EF7A7ADDD27A34F6A07261B109B693BC914E
86FBC4B31BEA1431935C024CCC0C1312599C849309BAD3391B101F813A973A37
A9E0B130989216102093A1F13B7D940ACA561B5003BED4455B21142E9D0CBC45
6739F957002141BCC5BD52987031652255E520A6C1594A7832A7E478FBED29EF
4022D5E7FA0129380005F754C1A2622B0773D659CDD4DE37A7769EAB6C0C7B89
0AA49BF8DBD57DD1768720C1574C232A65271A0E8863911C5E41FC1A519C38E2
7CC9E7B96F603159ED330F6462775081F95848EECABDB8D208C369500DC72E10
7D8B15411CFA4DB3BA9030AE54A1EB749786322D80D8BA0B20C0E25B580209FD
7CB7727D4846C64DFF8D9B9AB3FDE48FA7D2E75984AA8F0344A79051E1A18D5D
FB2DA1E930715C6B7F63B0096F48E6BC5E96B6799732630308A6342F89ADCCD4
7DE771836C185145F1832CE8AA9A0C15A0D19E5F3EC61EF5E1A08E7CF35A4017
FEBA91CE58009B42A9936BF5B971246292E66A8BD63E082B7A1274DB2033C67E
72BB915789384D3B86747571429145C7E483AD5B04C7FA269B9A4027532B3E34
1A78F09EE6E5067ED03E111E3D5AA9CE3036E42AA43EC7A090D55E5696C0602A
BC755FF5ADF240FD700DF081D205B9D2F52AB61F286C06BDD59282348ED808E9
523F45A315502F050D6D8520AE48EBB2B674CDAD4F56B3026C61DD4CE71B2E9C
570EC2CFFD98F5EA7E8CE728740B67BC943E4426E6BF2E9DA65D308E0F3BE8FA
9E7624AD3AB85E658D995FF1D27C233B69D8D7618FFF34DD1C8A9DB7A25C21F3
EB34FDFBFF0C85EB75E4A6CF4918BDE7AEF61682389DE570959206D1EA953AD4
5570013B1161DE40A0B2DBC20ABDC390787DA04060F712383A8BD02280F32CC0
253E664D6107C4BC959E4F18C84BE48C61F5A8F8386820CB2CDB8C48FF9E76DE
DCAA00360CDC77C743E79F4B74A4D805C53DA80B0BEC2B7E8B28645E69306F17
6277F167597EEAFA8C4EAE30C129E13EFEA00EF55CDBDA2258A5BE858DEA272E
0319EFCA54BB76E7CF2C8EB1161E2069CF4BF9E94C3D743380917D985EAC1B3D
CAADE4A1219C59E1D24D7E00940512B41277E836EE839C6D60541BB97206D65B
00953665840F4842379D53BCAE1CDBF49778A780B0F472EBBC32DC228C1ECD6A
EDDABB6024D7A13E807176346DCCE18B85CAD6E540A1F254DDA9C1978AAAAE65
8A638ED44063FC569375116D316EC0EED7FA13252CA945FD32668C7B2B4B8B8B
4402ADCF4E1AF6053B5D95ED3245A42CA4C2B550F8F36181648C5434D2DCFAF0
61F43191FB10C392BB25CE31E12BCAD86CA21AA26B15984043ABB373F3AB2DFA
68DDCDF3F217CC95EA2A0CA8A19F9AD579E8EC1BEDD07CFD163A9E12EA21D280
629706AE8F92A36AA5C4C99B67297348B2D7BB99699A519D3DB13B1479B5965D
0B742D0041BDE965C6100962AC0F28548A0BFEE8C8594225F4185D50A40CEB29
6B9DE55C0500BCC9C5CCB9BB4C55C31120058EB88260B4A02074E9C92B748480
7915B4B1EBC0CBFFABAA609FFB0369A1C92109E25ACFF566E08AD11AB55A163E
64ADE22DF4C22F07E3A33FCAB6FBB98C1B7D7E0F2EC15A4A286796101A34E0F7
F044B85CC565D03BD90804004B124D9E58B52A30CA5C0230721DDEC0AC2B0DB0
8E877305A6ABB639CC01D61C5C47E6116261CF437CB12765C3C817A3C3A486CA
59FBCE452D36BEB6A4162DCEC51684019199926B12381C832F04B2F69AC887D1
6C1B18759E5F283D01F1085B4827B417D8380B1059846B06F80E756D94B75DBD
D917A8CDE2A8B62B1DCA2D06073069CB68E9F5A93A4208E3AC32E7F7553F9114
E455FA0ABA2F992F8DF827CCE78468F3E4708DE7550CDE1E8561296C2757CD89
088F84AFD05C053EFC79A98DAACC1B99F4AE52A094E53FCAD3BF0F61F2C585C5
8DC243F512390EAF6D916D96E272164C1FC9BCA30FE1806D8B0E6BF3CFD01482
92689E8C4DA73957762F7C29D961D543EE066F13EA1E4FF68E6D72B4F5E75637
06CAD8D466B1401CC4A2232EBBAA22C24574CA9B589024C09B1694C7701200C2
AFE5640B058CF7C30A81F97D0421C74037EC3D17BCD41AB2F9A0E9D0814A44E1
3091C9F20563DB50AAB68A0427DB2D3A1F9AA27CE4EDF4DF98CC73AC3E46851C
1116FDFF28C729501CDEA3BB6D9347E71B7C6E38CBCCDD96DF0F0D2CE1357C4A
Files With Content: C:\*****.dat
Found Hash: 1
Exiting now
Total Time to find two numbers in hash 00:00:00.0009957 seconds
====================
Number one took:0.1530272 seconds
Number two took:5.900993 seconds
The logic was to increase the binary value of each byte until all bytes have been tested against a hash and validate if first letters match.
the expectation was by mapping out all binary value in a byte I can then iterate through each byte however as each byte increased the logic increases for repeating previous logic.
The practice of recursion could hold useful for testing as the increase of character that start in the hashed value.
**********************
Windows PowerShell transcript end
End time: 20190803235046
**********************
